<?xml version="1.0" encoding="UTF-8"?>
<!-- Generated by org.testng.reporters.JUnitXMLReporter -->
<testsuite ignored="0" hostname="DESKTOP-4J7E3CH" failures="0" tests="5" name="Product Tests" time="50.266" errors="0" timestamp="2026-03-05T16:38:37 IST">
  <testcase classname="com.bstackdemo.tests.ProductTest" name="verifyAddProductToCart" time="3.914"/>
  <testcase classname="com.bstackdemo.tests.ProductTest" name="verifyCheckoutWithoutItems" time="2.135"/>
  <testcase classname="com.bstackdemo.tests.ProductTest" name="verifyCompletePurchaseFlow" time="8.596"/>
  <testcase classname="com.bstackdemo.tests.ProductTest" name="verifyMultipleItemsAddedToCart" time="2.811"/>
  <testcase classname="com.bstackdemo.tests.ProductTest" name="verifyRemoveItemFromCart" time="2.901"/>
</testsuite> <!-- Product Tests -->
