<?xml version="1.0" encoding="UTF-8"?>
<!-- Generated by org.testng.reporters.JUnitXMLReporter -->
<testsuite ignored="4" hostname="DESKTOP-4J7E3CH" failures="1" tests="1" name="Smoke Tests" time="0.126" errors="0" timestamp="2026-03-04T23:47:40 IST">
  <testcase classname="com.bstackdemo.tests.ProductTest" name="verifyAddProductToCart" time="0.042">
    <failure type="java.lang.NullPointerException" message="Cannot invoke &amp;quot;org.openqa.selenium.WebDriver.findElement(org.openqa.selenium.By)&amp;quot; because &amp;quot;this.driver&amp;quot; is null">
      <![CDATA[java.lang.NullPointerException: Cannot invoke "org.openqa.selenium.WebDriver.findElement(org.openqa.selenium.By)" because "this.driver" is null
at com.bstackdemo.pages.LoginPage.clickSignIn(LoginPage.java:26)
at com.bstackdemo.tests.ProductTest.verifyAddProductToCart(ProductTest.java:19)
at java.base/java.util.ArrayList.forEach(ArrayList.java:1596)
... Removed 25 stack frames]]>
    </failure>
  </testcase> <!-- verifyAddProductToCart -->
  <testcase classname="com.bstackdemo.tests.ProductTest" name="verifyMultipleItemsAddedToCart" time="0.0">
    <ignored/>
  </testcase> <!-- verifyMultipleItemsAddedToCart -->
  <testcase classname="com.bstackdemo.tests.ProductTest" name="verifyRemoveItemFromCart" time="0.0">
    <ignored/>
  </testcase> <!-- verifyRemoveItemFromCart -->
  <testcase classname="com.bstackdemo.tests.ProductTest" name="verifyCompletePurchaseFlow" time="0.0">
    <ignored/>
  </testcase> <!-- verifyCompletePurchaseFlow -->
  <testcase classname="com.bstackdemo.tests.ProductTest" name="verifyCheckoutWithoutItems" time="0.0">
    <ignored/>
  </testcase> <!-- verifyCheckoutWithoutItems -->
</testsuite> <!-- Smoke Tests -->
