<?xml version="1.0" encoding="UTF-8"?>
<!-- Generated by org.testng.reporters.JUnitXMLReporter -->
<testsuite ignored="0" hostname="DESKTOP-4J7E3CH" failures="0" tests="5" name="Default test" time="48.873" errors="0" timestamp="2026-03-04T21:23:03 IST">
  <testcase classname="com.bstackdemo.tests.ProductTest" name="verifyAddProductToCart" time="3.461"/>
  <testcase classname="com.bstackdemo.tests.ProductTest" name="verifyCheckoutWithoutItems" time="1.959"/>
  <testcase classname="com.bstackdemo.tests.ProductTest" name="verifyCompletePurchaseFlow" time="4.132"/>
  <testcase classname="com.bstackdemo.tests.ProductTest" name="verifyMultipleItemsAddedToCart" time="2.0"/>
  <testcase classname="com.bstackdemo.tests.ProductTest" name="verifyRemoveItemFromCart" time="2.677"/>
</testsuite> <!-- Default test -->
