<?xml version="1.0" encoding="UTF-8"?>
<!-- Generated by org.testng.reporters.JUnitXMLReporter -->
<testsuite ignored="0" hostname="DESKTOP-4J7E3CH" failures="0" tests="5" name="Default test" time="64.897" errors="0" timestamp="2026-03-05T16:20:50 IST">
  <testcase classname="com.bstackdemo.tests.ProductTest" name="verifyAddProductToCart" time="3.257"/>
  <testcase classname="com.bstackdemo.tests.ProductTest" name="verifyCheckoutWithoutItems" time="2.026"/>
  <testcase classname="com.bstackdemo.tests.ProductTest" name="verifyCompletePurchaseFlow" time="4.712"/>
  <testcase classname="com.bstackdemo.tests.ProductTest" name="verifyMultipleItemsAddedToCart" time="8.317"/>
  <testcase classname="com.bstackdemo.tests.ProductTest" name="verifyRemoveItemFromCart" time="2.919"/>
</testsuite> <!-- Default test -->
