<?xml version="1.0" encoding="UTF-8"?>
<testng-results ignored="0" total="7" passed="7" failed="0" skipped="0">
  <reporter-output>
  </reporter-output>
  <suite started-at="2026-03-05T16:37:21 IST" name="BStackDemo Test Suite" finished-at="2026-03-05T16:38:37 IST" duration-ms="76205">
    <groups>
      <group name="negative">
        <method signature="LoginTest.verifyInvalidLogin()[pri:0, instance:com.bstackdemo.tests.LoginTest@206a70ef]" name="verifyInvalidLogin" class="com.bstackdemo.tests.LoginTest"/>
        <method signature="ProductTest.verifyCheckoutWithoutItems()[pri:0, instance:com.bstackdemo.tests.ProductTest@4e50c791]" name="verifyCheckoutWithoutItems" class="com.bstackdemo.tests.ProductTest"/>
      </group> <!-- negative -->
      <group name="regression">
        <method signature="LoginTest.verifyInvalidLogin()[pri:0, instance:com.bstackdemo.tests.LoginTest@206a70ef]" name="verifyInvalidLogin" class="com.bstackdemo.tests.LoginTest"/>
        <method signature="LoginTest.verifyValidLogin()[pri:0, instance:com.bstackdemo.tests.LoginTest@206a70ef]" name="verifyValidLogin" class="com.bstackdemo.tests.LoginTest"/>
        <method signature="ProductTest.verifyAddProductToCart()[pri:0, instance:com.bstackdemo.tests.ProductTest@4e50c791]" name="verifyAddProductToCart" class="com.bstackdemo.tests.ProductTest"/>
        <method signature="ProductTest.verifyCompletePurchaseFlow()[pri:0, instance:com.bstackdemo.tests.ProductTest@4e50c791]" name="verifyCompletePurchaseFlow" class="com.bstackdemo.tests.ProductTest"/>
        <method signature="ProductTest.verifyMultipleItemsAddedToCart()[pri:0, instance:com.bstackdemo.tests.ProductTest@4e50c791]" name="verifyMultipleItemsAddedToCart" class="com.bstackdemo.tests.ProductTest"/>
        <method signature="ProductTest.verifyRemoveItemFromCart()[pri:0, instance:com.bstackdemo.tests.ProductTest@4e50c791]" name="verifyRemoveItemFromCart" class="com.bstackdemo.tests.ProductTest"/>
      </group> <!-- regression -->
      <group name="smoke">
        <method signature="LoginTest.verifyValidLogin()[pri:0, instance:com.bstackdemo.tests.LoginTest@206a70ef]" name="verifyValidLogin" class="com.bstackdemo.tests.LoginTest"/>
        <method signature="ProductTest.verifyAddProductToCart()[pri:0, instance:com.bstackdemo.tests.ProductTest@4e50c791]" name="verifyAddProductToCart" class="com.bstackdemo.tests.ProductTest"/>
      </group> <!-- smoke -->
    </groups>
    <test started-at="2026-03-05T16:37:21 IST" name="Login Tests" finished-at="2026-03-05T16:37:46 IST" duration-ms="25744">
      <class name="com.bstackdemo.tests.LoginTest">
        <test-method is-config="true" signature="setUp()[pri:0, instance:com.bstackdemo.tests.LoginTest@206a70ef]" started-at="2026-03-05T16:37:21 IST" name="setUp" finished-at="2026-03-05T16:37:32 IST" duration-ms="11806" status="PASS">
          <reporter-output>
          </reporter-output>
        </test-method> <!-- setUp -->
        <test-method signature="verifyInvalidLogin()[pri:0, instance:com.bstackdemo.tests.LoginTest@206a70ef]" started-at="2026-03-05T16:37:32 IST" name="verifyInvalidLogin" finished-at="2026-03-05T16:37:35 IST" duration-ms="2792" status="PASS">
          <reporter-output>
          </reporter-output>
        </test-method> <!-- verifyInvalidLogin -->
        <test-method is-config="true" signature="tearDown()[pri:0, instance:com.bstackdemo.tests.LoginTest@206a70ef]" started-at="2026-03-05T16:37:35 IST" name="tearDown" finished-at="2026-03-05T16:37:36 IST" duration-ms="685" status="PASS">
          <reporter-output>
          </reporter-output>
        </test-method> <!-- tearDown -->
        <test-method is-config="true" signature="setUp()[pri:0, instance:com.bstackdemo.tests.LoginTest@206a70ef]" started-at="2026-03-05T16:37:36 IST" name="setUp" finished-at="2026-03-05T16:37:43 IST" duration-ms="6578" status="PASS">
          <reporter-output>
          </reporter-output>
        </test-method> <!-- setUp -->
        <test-method signature="verifyValidLogin()[pri:0, instance:com.bstackdemo.tests.LoginTest@206a70ef]" started-at="2026-03-05T16:37:43 IST" name="verifyValidLogin" finished-at="2026-03-05T16:37:46 IST" duration-ms="3050" status="PASS">
          <reporter-output>
          </reporter-output>
        </test-method> <!-- verifyValidLogin -->
        <test-method is-config="true" signature="tearDown()[pri:0, instance:com.bstackdemo.tests.LoginTest@206a70ef]" started-at="2026-03-05T16:37:46 IST" name="tearDown" finished-at="2026-03-05T16:37:46 IST" duration-ms="732" status="PASS">
          <reporter-output>
          </reporter-output>
        </test-method> <!-- tearDown -->
      </class> <!-- com.bstackdemo.tests.LoginTest -->
    </test> <!-- Login Tests -->
    <test started-at="2026-03-05T16:37:47 IST" name="Product Tests" finished-at="2026-03-05T16:38:37 IST" duration-ms="50266">
      <class name="com.bstackdemo.tests.ProductTest">
        <test-method is-config="true" signature="setUp()[pri:0, instance:com.bstackdemo.tests.ProductTest@4e50c791]" started-at="2026-03-05T16:37:47 IST" name="setUp" finished-at="2026-03-05T16:37:52 IST" duration-ms="5104" status="PASS">
          <reporter-output>
          </reporter-output>
        </test-method> <!-- setUp -->
        <test-method signature="verifyAddProductToCart()[pri:0, instance:com.bstackdemo.tests.ProductTest@4e50c791]" started-at="2026-03-05T16:37:52 IST" name="verifyAddProductToCart" finished-at="2026-03-05T16:37:56 IST" duration-ms="3914" status="PASS">
          <reporter-output>
          </reporter-output>
        </test-method> <!-- verifyAddProductToCart -->
        <test-method is-config="true" signature="tearDown()[pri:0, instance:com.bstackdemo.tests.ProductTest@4e50c791]" started-at="2026-03-05T16:37:56 IST" name="tearDown" finished-at="2026-03-05T16:37:56 IST" duration-ms="471" status="PASS">
          <reporter-output>
          </reporter-output>
        </test-method> <!-- tearDown -->
        <test-method is-config="true" signature="setUp()[pri:0, instance:com.bstackdemo.tests.ProductTest@4e50c791]" started-at="2026-03-05T16:37:56 IST" name="setUp" finished-at="2026-03-05T16:38:04 IST" duration-ms="7721" status="PASS">
          <reporter-output>
          </reporter-output>
        </test-method> <!-- setUp -->
        <test-method signature="verifyCheckoutWithoutItems()[pri:0, instance:com.bstackdemo.tests.ProductTest@4e50c791]" started-at="2026-03-05T16:38:04 IST" name="verifyCheckoutWithoutItems" finished-at="2026-03-05T16:38:06 IST" duration-ms="2135" status="PASS">
          <reporter-output>
          </reporter-output>
        </test-method> <!-- verifyCheckoutWithoutItems -->
        <test-method is-config="true" signature="tearDown()[pri:0, instance:com.bstackdemo.tests.ProductTest@4e50c791]" started-at="2026-03-05T16:38:06 IST" name="tearDown" finished-at="2026-03-05T16:38:06 IST" duration-ms="366" status="PASS">
          <reporter-output>
          </reporter-output>
        </test-method> <!-- tearDown -->
        <test-method is-config="true" signature="setUp()[pri:0, instance:com.bstackdemo.tests.ProductTest@4e50c791]" started-at="2026-03-05T16:38:06 IST" name="setUp" finished-at="2026-03-05T16:38:08 IST" duration-ms="1917" status="PASS">
          <reporter-output>
          </reporter-output>
        </test-method> <!-- setUp -->
        <test-method signature="verifyCompletePurchaseFlow()[pri:0, instance:com.bstackdemo.tests.ProductTest@4e50c791]" started-at="2026-03-05T16:38:08 IST" name="verifyCompletePurchaseFlow" finished-at="2026-03-05T16:38:17 IST" duration-ms="8596" status="PASS">
          <reporter-output>
          </reporter-output>
        </test-method> <!-- verifyCompletePurchaseFlow -->
        <test-method is-config="true" signature="tearDown()[pri:0, instance:com.bstackdemo.tests.ProductTest@4e50c791]" started-at="2026-03-05T16:38:17 IST" name="tearDown" finished-at="2026-03-05T16:38:17 IST" duration-ms="319" status="PASS">
          <reporter-output>
          </reporter-output>
        </test-method> <!-- tearDown -->
        <test-method is-config="true" signature="setUp()[pri:0, instance:com.bstackdemo.tests.ProductTest@4e50c791]" started-at="2026-03-05T16:38:17 IST" name="setUp" finished-at="2026-03-05T16:38:24 IST" duration-ms="7214" status="PASS">
          <reporter-output>
          </reporter-output>
        </test-method> <!-- setUp -->
        <test-method signature="verifyMultipleItemsAddedToCart()[pri:0, instance:com.bstackdemo.tests.ProductTest@4e50c791]" started-at="2026-03-05T16:38:24 IST" name="verifyMultipleItemsAddedToCart" finished-at="2026-03-05T16:38:27 IST" duration-ms="2811" status="PASS">
          <reporter-output>
          </reporter-output>
        </test-method> <!-- verifyMultipleItemsAddedToCart -->
        <test-method is-config="true" signature="tearDown()[pri:0, instance:com.bstackdemo.tests.ProductTest@4e50c791]" started-at="2026-03-05T16:38:27 IST" name="tearDown" finished-at="2026-03-05T16:38:27 IST" duration-ms="289" status="PASS">
          <reporter-output>
          </reporter-output>
        </test-method> <!-- tearDown -->
        <test-method is-config="true" signature="setUp()[pri:0, instance:com.bstackdemo.tests.ProductTest@4e50c791]" started-at="2026-03-05T16:38:27 IST" name="setUp" finished-at="2026-03-05T16:38:33 IST" duration-ms="6085" status="PASS">
          <reporter-output>
          </reporter-output>
        </test-method> <!-- setUp -->
        <test-method signature="verifyRemoveItemFromCart()[pri:0, instance:com.bstackdemo.tests.ProductTest@4e50c791]" started-at="2026-03-05T16:38:33 IST" name="verifyRemoveItemFromCart" finished-at="2026-03-05T16:38:36 IST" duration-ms="2901" status="PASS">
          <reporter-output>
          </reporter-output>
        </test-method> <!-- verifyRemoveItemFromCart -->
        <test-method is-config="true" signature="tearDown()[pri:0, instance:com.bstackdemo.tests.ProductTest@4e50c791]" started-at="2026-03-05T16:38:36 IST" name="tearDown" finished-at="2026-03-05T16:38:37 IST" duration-ms="399" status="PASS">
          <reporter-output>
          </reporter-output>
        </test-method> <!-- tearDown -->
      </class> <!-- com.bstackdemo.tests.ProductTest -->
    </test> <!-- Product Tests -->
  </suite> <!-- BStackDemo Test Suite -->
</testng-results>
