<?xml version="1.0" encoding="UTF-8"?>
<!-- Generated by org.testng.reporters.JUnitReportReporter -->
<testsuite hostname="DESKTOP-4J7E3CH" failures="0" tests="2" name="com.bstackdemo.tests.LoginTest" time="15.889" errors="0" timestamp="2026-03-03T20:46:06 IST" skipped="0">
  <testcase classname="com.bstackdemo.tests.LoginTest" name="verifyInvalidLogin" time="8.522"/>
  <testcase classname="com.bstackdemo.tests.LoginTest" name="verifyValidLogin" time="7.367"/>
</testsuite> <!-- com.bstackdemo.tests.LoginTest -->
