<?xml version="1.0" encoding="UTF-8"?>
<!-- Generated by org.testng.reporters.JUnitReportReporter -->
<testsuite hostname="DESKTOP-4J7E3CH" failures="0" tests="5" name="com.bstackdemo.tests.ProductTest" time="50.242" errors="0" timestamp="2026-03-05T16:38:37 IST" skipped="0">
  <testcase classname="com.bstackdemo.tests.ProductTest" name="verifyMultipleItemsAddedToCart" time="8.281"/>
  <testcase classname="com.bstackdemo.tests.ProductTest" name="verifyRemoveItemFromCart" time="11.093"/>
  <testcase classname="com.bstackdemo.tests.ProductTest" name="verifyCheckoutWithoutItems" time="8.539"/>
  <testcase classname="com.bstackdemo.tests.ProductTest" name="verifyAddProductToCart" time="11.527"/>
  <testcase classname="com.bstackdemo.tests.ProductTest" name="verifyCompletePurchaseFlow" time="10.802"/>
</testsuite> <!-- com.bstackdemo.tests.ProductTest -->
