<?xml version="1.0" encoding="UTF-8"?>
<!-- Generated by org.testng.reporters.JUnitReportReporter -->
<testsuite hostname="DESKTOP-4J7E3CH" failures="0" tests="2" name="com.bstackdemo.tests.LoginTest" time="25.643" errors="0" timestamp="2026-03-05T16:38:37 IST" skipped="0">
  <testcase classname="com.bstackdemo.tests.LoginTest" name="verifyValidLogin" time="15.541"/>
  <testcase classname="com.bstackdemo.tests.LoginTest" name="verifyInvalidLogin" time="10.102"/>
</testsuite> <!-- com.bstackdemo.tests.LoginTest -->
